This is pdfTeX, Version 3.14159265-2.6-1.40.20 (TeX Live 2019/MacPorts 2019.50896_2) (preloaded format=pdflatex 2020.3.27)  10 APR 2020 16:35
entering extended mode
 \write18 enabled.
 %&-line parsing enabled.
**MNPEintro
(./MNPEintro.tex
LaTeX2e <2018-12-01>
(/opt/local/share/texmf-texlive/tex/latex/base/article.cls
Document Class: article 2018/09/03 v1.4i Standard LaTeX document class
(/opt/local/share/texmf-texlive/tex/latex/base/size11.clo
File: size11.clo 2018/09/03 v1.4i Standard LaTeX file (size option)
)
\c@part=\count80
\c@section=\count81
\c@subsection=\count82
\c@subsubsection=\count83
\c@paragraph=\count84
\c@subparagraph=\count85
\c@figure=\count86
\c@table=\count87
\abovecaptionskip=\skip41
\belowcaptionskip=\skip42
\bibindent=\dimen102
)
(/opt/local/share/texmf-texlive/tex/latex/amsmath/amsmath.sty
Package: amsmath 2018/12/01 v2.17b AMS math features
\@mathmargin=\skip43

For additional information on amsmath, use the `?' option.
(/opt/local/share/texmf-texlive/tex/latex/amsmath/amstext.sty
Package: amstext 2000/06/29 v2.01 AMS text

(/opt/local/share/texmf-texlive/tex/latex/amsmath/amsgen.sty
File: amsgen.sty 1999/11/30 v2.0 generic functions
\@emptytoks=\toks14
\ex@=\dimen103
))
(/opt/local/share/texmf-texlive/tex/latex/amsmath/amsbsy.sty
Package: amsbsy 1999/11/29 v1.2d Bold Symbols
\pmbraise@=\dimen104
)
(/opt/local/share/texmf-texlive/tex/latex/amsmath/amsopn.sty
Package: amsopn 2016/03/08 v2.02 operator names
)
\inf@bad=\count88
LaTeX Info: Redefining \frac on input line 223.
\uproot@=\count89
\leftroot@=\count90
LaTeX Info: Redefining \overline on input line 385.
\classnum@=\count91
\DOTSCASE@=\count92
LaTeX Info: Redefining \ldots on input line 482.
LaTeX Info: Redefining \dots on input line 485.
LaTeX Info: Redefining \cdots on input line 606.
\Mathstrutbox@=\box27
\strutbox@=\box28
\big@size=\dimen105
LaTeX Font Info:    Redeclaring font encoding OML on input line 729.
LaTeX Font Info:    Redeclaring font encoding OMS on input line 730.
\macc@depth=\count93
\c@MaxMatrixCols=\count94
\dotsspace@=\muskip10
\c@parentequation=\count95
\dspbrk@lvl=\count96
\tag@help=\toks15
\row@=\count97
\column@=\count98
\maxfields@=\count99
\andhelp@=\toks16
\eqnshift@=\dimen106
\alignsep@=\dimen107
\tagshift@=\dimen108
\tagwidth@=\dimen109
\totwidth@=\dimen110
\lineht@=\dimen111
\@envbody=\toks17
\multlinegap=\skip44
\multlinetaggap=\skip45
\mathdisplay@stack=\toks18
LaTeX Info: Redefining \[ on input line 2844.
LaTeX Info: Redefining \] on input line 2845.
)
(/opt/local/share/texmf-texlive/tex/latex/amsfonts/amssymb.sty
Package: amssymb 2013/01/14 v3.01 AMS font symbols

(/opt/local/share/texmf-texlive/tex/latex/amsfonts/amsfonts.sty
Package: amsfonts 2013/01/14 v3.01 Basic AMSFonts support
\symAMSa=\mathgroup4
\symAMSb=\mathgroup5
LaTeX Font Info:    Overwriting math alphabet `\mathfrak' in version `bold'
(Font)                  U/euf/m/n --> U/euf/b/n on input line 106.
))
(/opt/local/share/texmf-texlive/tex/latex/graphics/graphicx.sty
Package: graphicx 2017/06/01 v1.1a Enhanced LaTeX Graphics (DPC,SPQR)

(/opt/local/share/texmf-texlive/tex/latex/graphics/keyval.sty
Package: keyval 2014/10/28 v1.15 key=value parser (DPC)
\KV@toks@=\toks19
)
(/opt/local/share/texmf-texlive/tex/latex/graphics/graphics.sty
Package: graphics 2017/06/25 v1.2c Standard LaTeX Graphics (DPC,SPQR)

(/opt/local/share/texmf-texlive/tex/latex/graphics/trig.sty
Package: trig 2016/01/03 v1.10 sin cos tan (DPC)
)
(/opt/local/share/texmf-texlive/tex/latex/graphics-cfg/graphics.cfg
File: graphics.cfg 2016/06/04 v1.11 sample graphics configuration
)
Package graphics Info: Driver file: pdftex.def on input line 99.

(/opt/local/share/texmf-texlive/tex/latex/graphics-def/pdftex.def
File: pdftex.def 2018/01/08 v1.0l Graphics/color driver for pdftex
))
\Gin@req@height=\dimen112
\Gin@req@width=\dimen113
)
(/opt/local/share/texmf-texlive/tex/latex/hyperref/hyperref.sty
Package: hyperref 2018/11/30 v6.88e Hypertext links for LaTeX

(/opt/local/share/texmf-texlive/tex/generic/oberdiek/hobsub-hyperref.sty
Package: hobsub-hyperref 2016/05/16 v1.14 Bundle oberdiek, subset hyperref (HO)


(/opt/local/share/texmf-texlive/tex/generic/oberdiek/hobsub-generic.sty
Package: hobsub-generic 2016/05/16 v1.14 Bundle oberdiek, subset generic (HO)
Package: hobsub 2016/05/16 v1.14 Construct package bundles (HO)
Package: infwarerr 2016/05/16 v1.4 Providing info/warning/error messages (HO)
Package: ltxcmds 2016/05/16 v1.23 LaTeX kernel commands for general use (HO)
Package: ifluatex 2016/05/16 v1.4 Provides the ifluatex switch (HO)
Package ifluatex Info: LuaTeX not detected.
Package: ifvtex 2016/05/16 v1.6 Detect VTeX and its facilities (HO)
Package ifvtex Info: VTeX not detected.
Package: intcalc 2016/05/16 v1.2 Expandable calculations with integers (HO)
Package: ifpdf 2018/09/07 v3.3 Provides the ifpdf switch
Package: etexcmds 2016/05/16 v1.6 Avoid name clashes with e-TeX commands (HO)
Package: kvsetkeys 2016/05/16 v1.17 Key value parser (HO)
Package: kvdefinekeys 2016/05/16 v1.4 Define keys (HO)
Package: pdftexcmds 2018/09/10 v0.29 Utility functions of pdfTeX for LuaTeX (HO
)
Package pdftexcmds Info: LuaTeX not detected.
Package pdftexcmds Info: \pdf@primitive is available.
Package pdftexcmds Info: \pdf@ifprimitive is available.
Package pdftexcmds Info: \pdfdraftmode found.
Package: pdfescape 2016/05/16 v1.14 Implements pdfTeX's escape features (HO)
Package: bigintcalc 2016/05/16 v1.4 Expandable calculations on big integers (HO
)
Package: bitset 2016/05/16 v1.2 Handle bit-vector datatype (HO)
Package: uniquecounter 2016/05/16 v1.3 Provide unlimited unique counter (HO)
)
Package hobsub Info: Skipping package `hobsub' (already loaded).
Package: letltxmacro 2016/05/16 v1.5 Let assignment for LaTeX macros (HO)
Package: hopatch 2016/05/16 v1.3 Wrapper for package hooks (HO)
Package: xcolor-patch 2016/05/16 xcolor patch
Package: atveryend 2016/05/16 v1.9 Hooks at the very end of document (HO)
Package atveryend Info: \enddocument detected (standard20110627).
Package: atbegshi 2016/06/09 v1.18 At begin shipout hook (HO)
Package: refcount 2016/05/16 v3.5 Data extraction from label references (HO)
Package: hycolor 2016/05/16 v1.8 Color options for hyperref/bookmark (HO)
)
(/opt/local/share/texmf-texlive/tex/generic/ifxetex/ifxetex.sty
Package: ifxetex 2010/09/12 v0.6 Provides ifxetex conditional
)
(/opt/local/share/texmf-texlive/tex/latex/oberdiek/auxhook.sty
Package: auxhook 2016/05/16 v1.4 Hooks for auxiliary files (HO)
)
(/opt/local/share/texmf-texlive/tex/latex/oberdiek/kvoptions.sty
Package: kvoptions 2016/05/16 v3.12 Key value format for package options (HO)
)
\@linkdim=\dimen114
\Hy@linkcounter=\count100
\Hy@pagecounter=\count101

(/opt/local/share/texmf-texlive/tex/latex/hyperref/pd1enc.def
File: pd1enc.def 2018/11/30 v6.88e Hyperref: PDFDocEncoding definition (HO)
Now handling font encoding PD1 ...
... no UTF-8 mapping file for font encoding PD1
)
\Hy@SavedSpaceFactor=\count102

(/opt/local/share/texmf-texlive/tex/latex/latexconfig/hyperref.cfg
File: hyperref.cfg 2002/06/06 v1.2 hyperref configuration of TeXLive
)
Package hyperref Info: Hyper figures OFF on input line 4519.
Package hyperref Info: Link nesting OFF on input line 4524.
Package hyperref Info: Hyper index ON on input line 4527.
Package hyperref Info: Plain pages OFF on input line 4534.
Package hyperref Info: Backreferencing OFF on input line 4539.
Package hyperref Info: Implicit mode ON; LaTeX internals redefined.
Package hyperref Info: Bookmarks ON on input line 4772.
\c@Hy@tempcnt=\count103

(/opt/local/share/texmf-texlive/tex/latex/url/url.sty
\Urlmuskip=\muskip11
Package: url 2013/09/16  ver 3.4  Verb mode for urls, etc.
)
LaTeX Info: Redefining \url on input line 5125.
\XeTeXLinkMargin=\dimen115
\Fld@menulength=\count104
\Field@Width=\dimen116
\Fld@charsize=\dimen117
Package hyperref Info: Hyper figures OFF on input line 6380.
Package hyperref Info: Link nesting OFF on input line 6385.
Package hyperref Info: Hyper index ON on input line 6388.
Package hyperref Info: backreferencing OFF on input line 6395.
Package hyperref Info: Link coloring OFF on input line 6400.
Package hyperref Info: Link coloring with OCG OFF on input line 6405.
Package hyperref Info: PDF/A mode OFF on input line 6410.
LaTeX Info: Redefining \ref on input line 6450.
LaTeX Info: Redefining \pageref on input line 6454.
\Hy@abspage=\count105
\c@Item=\count106
\c@Hfootnote=\count107
)
Package hyperref Info: Driver (autodetected): hpdftex.

(/opt/local/share/texmf-texlive/tex/latex/hyperref/hpdftex.def
File: hpdftex.def 2018/11/30 v6.88e Hyperref driver for pdfTeX
\Fld@listcount=\count108
\c@bookmark@seq@number=\count109

(/opt/local/share/texmf-texlive/tex/latex/oberdiek/rerunfilecheck.sty
Package: rerunfilecheck 2016/05/16 v1.8 Rerun checks for auxiliary files (HO)
Package uniquecounter Info: New unique counter `rerunfilecheck' on input line 2
82.
)
\Hy@SectionHShift=\skip46
)
(/opt/local/share/texmf-texlive/tex/latex/tools/bm.sty
Package: bm 2017/01/16 v1.2c Bold Symbol Support (DPC/FMi)
\symboldoperators=\mathgroup6
\symboldletters=\mathgroup7
\symboldsymbols=\mathgroup8
LaTeX Font Info:    Redeclaring math alphabet \mathbf on input line 141.
LaTeX Info: Redefining \bm on input line 207.
)
(/opt/local/share/texmf-texlive/tex/latex/tools/dcolumn.sty
Package: dcolumn 2014/10/28 v1.06 decimal alignment package (DPC)

(/opt/local/share/texmf-texlive/tex/latex/tools/array.sty
Package: array 2018/12/30 v2.4k Tabular extension package (FMi)
\col@sep=\dimen118
\ar@mcellbox=\box29
\extrarowheight=\dimen119
\NC@list=\toks20
\extratabsurround=\skip47
\backup@length=\skip48
\ar@cellbox=\box30
))
(/opt/local/share/texmf-texlive/tex/latex/multirow/multirow.sty
Package: multirow 2019/01/01 v2.4 Span multiple rows of a table
\multirow@colwidth=\skip49
\multirow@cntb=\count110
\multirow@dima=\skip50
\bigstrutjot=\dimen120
)
(/opt/local/share/texmf-texlive/tex/latex/listings/listings.sty
\lst@mode=\count111
\lst@gtempboxa=\box31
\lst@token=\toks21
\lst@length=\count112
\lst@currlwidth=\dimen121
\lst@column=\count113
\lst@pos=\count114
\lst@lostspace=\dimen122
\lst@width=\dimen123
\lst@newlines=\count115
\lst@lineno=\count116
\lst@maxwidth=\dimen124

(/opt/local/share/texmf-texlive/tex/latex/listings/lstmisc.sty
File: lstmisc.sty 2019/02/27 1.8b (Carsten Heinz)
\c@lstnumber=\count117
\lst@skipnumbers=\count118
\lst@framebox=\box32
)
(/opt/local/share/texmf-texlive/tex/latex/listings/listings.cfg
File: listings.cfg 2019/02/27 1.8b listings configuration
))
Package: listings 2019/02/27 1.8b (Carsten Heinz)

(/opt/local/share/texmf-texlive/tex/latex/preprint/authblk.sty
Package: authblk 2001/02/27 1.3 (PWD)
\affilsep=\skip51
\@affilsep=\skip52
\c@Maxaffil=\count119
\c@authors=\count120
\c@affil=\count121
)
(./MNPEintro.aux (./Introduction.aux) (./Building.aux) (./InputData.aux)
(./Running.aux) (./Dipole.aux) (./RoughSurface.aux))
\openout1 = `MNPEintro.aux'.

LaTeX Font Info:    Checking defaults for OML/cmm/m/it on input line 38.
LaTeX Font Info:    ... okay on input line 38.
LaTeX Font Info:    Checking defaults for T1/cmr/m/n on input line 38.
LaTeX Font Info:    ... okay on input line 38.
LaTeX Font Info:    Checking defaults for OT1/cmr/m/n on input line 38.
LaTeX Font Info:    ... okay on input line 38.
LaTeX Font Info:    Checking defaults for OMS/cmsy/m/n on input line 38.
LaTeX Font Info:    ... okay on input line 38.
LaTeX Font Info:    Checking defaults for OMX/cmex/m/n on input line 38.
LaTeX Font Info:    ... okay on input line 38.
LaTeX Font Info:    Checking defaults for U/cmr/m/n on input line 38.
LaTeX Font Info:    ... okay on input line 38.
LaTeX Font Info:    Checking defaults for PD1/pdf/m/n on input line 38.
LaTeX Font Info:    ... okay on input line 38.

(/opt/local/share/texmf-texlive/tex/context/base/mkii/supp-pdf.mkii
[Loading MPS to PDF converter (version 2006.09.02).]
\scratchcounter=\count122
\scratchdimen=\dimen125
\scratchbox=\box33
\nofMPsegments=\count123
\nofMParguments=\count124
\everyMPshowfont=\toks22
\MPscratchCnt=\count125
\MPscratchDim=\dimen126
\MPnumerator=\count126
\makeMPintoPDFobject=\count127
\everyMPtoPDFconversion=\toks23
) (/opt/local/share/texmf-texlive/tex/latex/oberdiek/epstopdf-base.sty
Package: epstopdf-base 2016/05/15 v2.6 Base part for package epstopdf

(/opt/local/share/texmf-texlive/tex/latex/oberdiek/grfext.sty
Package: grfext 2016/05/16 v1.2 Manage graphics extensions (HO)
)
Package epstopdf-base Info: Redefining graphics rule for `.eps' on input line 4
38.
Package grfext Info: Graphics extension search list:
(grfext)             [.png,.eps]
(grfext)             \AppendGraphicsExtensions on input line 456.

(/opt/local/share/texmf-texlive/tex/latex/latexconfig/epstopdf-sys.cfg
File: epstopdf-sys.cfg 2010/07/13 v1.3 Configuration of (r)epstopdf for TeX Liv
e
))
\AtBeginShipoutBox=\box34
Package hyperref Info: Link coloring OFF on input line 38.

(/opt/local/share/texmf-texlive/tex/latex/hyperref/nameref.sty
Package: nameref 2016/05/21 v2.44 Cross-referencing by name of section

(/opt/local/share/texmf-texlive/tex/generic/oberdiek/gettitlestring.sty
Package: gettitlestring 2016/05/16 v1.5 Cleanup title references (HO)
)
\c@section@level=\count128
)
LaTeX Info: Redefining \ref on input line 38.
LaTeX Info: Redefining \pageref on input line 38.
LaTeX Info: Redefining \nameref on input line 38.

(./MNPEintro.out) (./MNPEintro.out)
\@outlinefile=\write3
\openout3 = `MNPEintro.out'.

\c@lstlisting=\count129
LaTeX Font Info:    Try loading font information for U+msa on input line 46.

(/opt/local/share/texmf-texlive/tex/latex/amsfonts/umsa.fd
File: umsa.fd 2013/01/14 v3.01 AMS symbols A
)
LaTeX Font Info:    Try loading font information for U+msb on input line 46.

(/opt/local/share/texmf-texlive/tex/latex/amsfonts/umsb.fd
File: umsb.fd 2013/01/14 v3.01 AMS symbols B
) [1

{/opt/local/var/db/texmf/fonts/map/pdftex/updmap/pdftex.map}] (./MNPEintro.toc)
\tf@toc=\write4
\openout4 = `MNPEintro.toc'.

 [2]
(./MNPEintro.lot)
\tf@lot=\write5
\openout5 = `MNPEintro.lot'.

 (./MNPEintro.lof)
\tf@lof=\write6
\openout6 = `MNPEintro.lof'.

 [3]
\openout2 = `Introduction.aux'.

 (./Introduction.tex) [4

]
\openout2 = `Building.aux'.


(./Building.tex [5


]
Package hyperref Info: bookmark level for unknown lstlisting defaults to 0 on i
nput line 45.
 (../../src/CMakeLists.txt)) [6]
\openout2 = `InputData.aux'.

 (./InputData.tex
(../../examples/Monopole/pefiles.inp) (../../examples/Monopole/pefiles.inp)
(../../examples/Monopole/pefiles.inp) (../../examples/Monopole/pefiles.inp
[7


]) (../../examples/Monopole/pesrc.inp) [8] (../../examples/Monopole/pessp.inp) 
[9] [10] (../../examples/RoughSurface/pesurfjonswap.inp)
(../../examples/Monopole/pebath.inp) (../../examples/Monopole/pebotprop.inp)
[11] (../../examples/Monopole/pedbath.inp)
(../../examples/Monopole/pedbotprop.inp)) [12]
\openout2 = `Running.aux'.

 (./Running.tex
(../images/RunOutput.txt) [13


] (../images/peout1Output.txt) [14] [15]
Package epstopdf Info: Source file: <../images/FlatP.eps>
(epstopdf)                    date: 2020-04-10 16:28:28
(epstopdf)                    size: 3007553 bytes
(epstopdf)             Output file: <../images/FlatP-eps-converted-to.pdf>
(epstopdf)                    date: 2020-04-10 16:35:07
(epstopdf)                    size: 508554 bytes
(epstopdf)             Command: <epstopdf --outfile=../images/FlatP-eps-convert
ed-to.pdf ../images/FlatP.eps>
(epstopdf)             \includegraphics on input line 77.
Package epstopdf Info: Output file is already uptodate.
<../images/FlatP-eps-converted-to.pdf, id=387, 663.47874pt x 371.3875pt>
File: ../images/FlatP-eps-converted-to.pdf Graphic file (type pdf)
<use ../images/FlatP-eps-converted-to.pdf>
Package pdftex.def Info: ../images/FlatP-eps-converted-to.pdf  used on input li
ne 77.
(pdftex.def)             Requested size: 360.0pt x 201.51529pt.
 [16 <../images/FlatP-eps-converted-to.pdf>]
Package epstopdf Info: Source file: <../images/ASAWedgeP.eps>
(epstopdf)                    date: 2020-04-10 16:28:30
(epstopdf)                    size: 3007457 bytes
(epstopdf)             Output file: <../images/ASAWedgeP-eps-converted-to.pdf>
(epstopdf)                    date: 2020-04-10 16:35:10
(epstopdf)                    size: 365134 bytes
(epstopdf)             Command: <epstopdf --outfile=../images/ASAWedgeP-eps-con
verted-to.pdf ../images/ASAWedgeP.eps>
(epstopdf)             \includegraphics on input line 89.
Package epstopdf Info: Output file is already uptodate.
<../images/ASAWedgeP-eps-converted-to.pdf, id=403, 663.47874pt x 371.3875pt>
File: ../images/ASAWedgeP-eps-converted-to.pdf Graphic file (type pdf)
<use ../images/ASAWedgeP-eps-converted-to.pdf>
Package pdftex.def Info: ../images/ASAWedgeP-eps-converted-to.pdf  used on inpu
t line 89.
(pdftex.def)             Requested size: 360.0pt x 201.51529pt.
 [17

 <../images/ASAWedgeP-eps-converted-to.pdf>]
Package epstopdf Info: Source file: <../images/MonopoleP.eps>
(epstopdf)                    date: 2020-04-10 16:28:31
(epstopdf)                    size: 2636261 bytes
(epstopdf)             Output file: <../images/MonopoleP-eps-converted-to.pdf>
(epstopdf)                    date: 2020-04-10 16:35:14
(epstopdf)                    size: 42067 bytes
(epstopdf)             Command: <epstopdf --outfile=../images/MonopoleP-eps-con
verted-to.pdf ../images/MonopoleP.eps>
(epstopdf)             \includegraphics on input line 101.
Package epstopdf Info: Output file is already uptodate.
<../images/MonopoleP-eps-converted-to.pdf, id=418, 662.475pt x 331.2375pt>
File: ../images/MonopoleP-eps-converted-to.pdf Graphic file (type pdf)
<use ../images/MonopoleP-eps-converted-to.pdf>
Package pdftex.def Info: ../images/MonopoleP-eps-converted-to.pdf  used on inpu
t line 101.
(pdftex.def)             Requested size: 360.0pt x 179.99773pt.
Package epstopdf Info: Source file: <../images/MonopoleVZ.eps>
(epstopdf)                    date: 2020-04-10 16:28:32
(epstopdf)                    size: 2636282 bytes
(epstopdf)             Output file: <../images/MonopoleVZ-eps-converted-to.pdf>

(epstopdf)                    date: 2020-04-10 16:35:17
(epstopdf)                    size: 38834 bytes
(epstopdf)             Command: <epstopdf --outfile=../images/MonopoleVZ-eps-co
nverted-to.pdf ../images/MonopoleVZ.eps>
(epstopdf)             \includegraphics on input line 108.
Package epstopdf Info: Output file is already uptodate.
<../images/MonopoleVZ-eps-converted-to.pdf, id=419, 662.475pt x 331.2375pt>
File: ../images/MonopoleVZ-eps-converted-to.pdf Graphic file (type pdf)
<use ../images/MonopoleVZ-eps-converted-to.pdf>
Package pdftex.def Info: ../images/MonopoleVZ-eps-converted-to.pdf  used on inp
ut line 108.
(pdftex.def)             Requested size: 360.0pt x 179.99773pt.
 [18

 <../images/MonopoleP-eps-converted-to.pdf> <../images/MonopoleVZ-eps-converted
-to.pdf>]
Package epstopdf Info: Source file: <../images/DipoleP.eps>
(epstopdf)                    date: 2020-04-10 16:28:33
(epstopdf)                    size: 2636268 bytes
(epstopdf)             Output file: <../images/DipoleP-eps-converted-to.pdf>
(epstopdf)                    date: 2020-04-10 16:35:20
(epstopdf)                    size: 39066 bytes
(epstopdf)             Command: <epstopdf --outfile=../images/DipoleP-eps-conve
rted-to.pdf ../images/DipoleP.eps>
(epstopdf)             \includegraphics on input line 120.
Package epstopdf Info: Output file is already uptodate.
<../images/DipoleP-eps-converted-to.pdf, id=444, 662.475pt x 331.2375pt>
File: ../images/DipoleP-eps-converted-to.pdf Graphic file (type pdf)
<use ../images/DipoleP-eps-converted-to.pdf>
Package pdftex.def Info: ../images/DipoleP-eps-converted-to.pdf  used on input 
line 120.
(pdftex.def)             Requested size: 360.0pt x 179.99773pt.
Package epstopdf Info: Source file: <../images/DipoleVZ.eps>
(epstopdf)                    date: 2020-04-10 16:28:34
(epstopdf)                    size: 2636280 bytes
(epstopdf)             Output file: <../images/DipoleVZ-eps-converted-to.pdf>
(epstopdf)                    date: 2020-04-10 16:35:23
(epstopdf)                    size: 27131 bytes
(epstopdf)             Command: <epstopdf --outfile=../images/DipoleVZ-eps-conv
erted-to.pdf ../images/DipoleVZ.eps>
(epstopdf)             \includegraphics on input line 127.
Package epstopdf Info: Output file is already uptodate.
<../images/DipoleVZ-eps-converted-to.pdf, id=445, 662.475pt x 331.2375pt>
File: ../images/DipoleVZ-eps-converted-to.pdf Graphic file (type pdf)
<use ../images/DipoleVZ-eps-converted-to.pdf>
Package pdftex.def Info: ../images/DipoleVZ-eps-converted-to.pdf  used on input
 line 127.
(pdftex.def)             Requested size: 360.0pt x 179.99773pt.
 [19

 <../images/DipoleP-eps-converted-to.pdf> <../images/DipoleVZ-eps-converted-to.
pdf>]
Package epstopdf Info: Source file: <../images/RoughSurfaceP.eps>
(epstopdf)                    date: 2020-04-10 16:28:38
(epstopdf)                    size: 3006882 bytes
(epstopdf)             Output file: <../images/RoughSurfaceP-eps-converted-to.p
df>
(epstopdf)                    date: 2020-04-10 16:35:27
(epstopdf)                    size: 529682 bytes
(epstopdf)             Command: <epstopdf --outfile=../images/RoughSurfaceP-eps
-converted-to.pdf ../images/RoughSurfaceP.eps>
(epstopdf)             \includegraphics on input line 139.
Package epstopdf Info: Output file is already uptodate.
<../images/RoughSurfaceP-eps-converted-to.pdf, id=471, 663.47874pt x 371.3875pt
>
File: ../images/RoughSurfaceP-eps-converted-to.pdf Graphic file (type pdf)
<use ../images/RoughSurfaceP-eps-converted-to.pdf>
Package pdftex.def Info: ../images/RoughSurfaceP-eps-converted-to.pdf  used on 
input line 139.
(pdftex.def)             Requested size: 360.0pt x 201.51529pt.
 [20

 <../images/RoughSurfaceP-eps-converted-to.pdf>]
Package epstopdf Info: Source file: <../images/TravelTimeP.eps>
(epstopdf)                    date: 2020-04-10 16:35:02
(epstopdf)                    size: 3019370 bytes
(epstopdf)             Output file: <../images/TravelTimeP-eps-converted-to.pdf
>
(epstopdf)                    date: 2020-04-10 16:35:31
(epstopdf)                    size: 214897 bytes
(epstopdf)             Command: <epstopdf --outfile=../images/TravelTimeP-eps-c
onverted-to.pdf ../images/TravelTimeP.eps>
(epstopdf)             \includegraphics on input line 151.
Package epstopdf Info: Output file is already uptodate.
<../images/TravelTimeP-eps-converted-to.pdf, id=486, 666.49pt x 371.3875pt>
File: ../images/TravelTimeP-eps-converted-to.pdf Graphic file (type pdf)
<use ../images/TravelTimeP-eps-converted-to.pdf>
Package pdftex.def Info: ../images/TravelTimeP-eps-converted-to.pdf  used on in
put line 151.
(pdftex.def)             Requested size: 360.0pt x 200.60292pt.
)
[21

 <../images/TravelTimeP-eps-converted-to.pdf>]
\openout2 = `Dipole.aux'.

 (./Dipole.tex) [22


]
\openout2 = `RoughSurface.aux'.


(./RoughSurface.tex [23


] [24] [25] [26]) [27] (./MNPEintro.bbl [28

])
Package atveryend Info: Empty hook `BeforeClearDocument' on input line 75.
 [29]
Package atveryend Info: Empty hook `AfterLastShipout' on input line 75.

(./MNPEintro.aux (./Introduction.aux) (./Building.aux) (./InputData.aux)
(./Running.aux) (./Dipole.aux) (./RoughSurface.aux))
Package atveryend Info: Executing hook `AtVeryEndDocument' on input line 75.
Package atveryend Info: Executing hook `AtEndAfterFileList' on input line 75.
Package rerunfilecheck Info: File `MNPEintro.out' has not changed.
(rerunfilecheck)             Checksum: D610F073C008ADBF675DDB9C3F76B9AA;1867.
Package atveryend Info: Empty hook `AtVeryVeryEnd' on input line 75.
 ) 
Here is how much of TeX's memory you used:
 8175 strings out of 493211
 115788 string characters out of 6143821
 285200 words of memory out of 5000000
 11519 multiletter control sequences out of 15000+600000
 15715 words of font info for 58 fonts, out of 8000000 for 9000
 846 hyphenation exceptions out of 8191
 32i,12n,32p,1373b,1801s stack positions out of 5000i,500n,10000p,200000b,80000s
</opt/local/share/texmf-texlive/fonts/type1/public/amsfonts/cm/cmbx10.pfb></o
pt/local/share/texmf-texlive/fonts/type1/public/amsfonts/cm/cmbx12.pfb></opt/lo
cal/share/texmf-texlive/fonts/type1/public/amsfonts/cm/cmex10.pfb></opt/local/s
hare/texmf-texlive/fonts/type1/public/amsfonts/cm/cmmi10.pfb></opt/local/share/
texmf-texlive/fonts/type1/public/amsfonts/cm/cmmi8.pfb></opt/local/share/texmf-
texlive/fonts/type1/public/amsfonts/cm/cmr10.pfb></opt/local/share/texmf-texliv
e/fonts/type1/public/amsfonts/cm/cmr12.pfb></opt/local/share/texmf-texlive/font
s/type1/public/amsfonts/cm/cmr17.pfb></opt/local/share/texmf-texlive/fonts/type
1/public/amsfonts/cm/cmr6.pfb></opt/local/share/texmf-texlive/fonts/type1/publi
c/amsfonts/cm/cmr8.pfb></opt/local/share/texmf-texlive/fonts/type1/public/amsfo
nts/cm/cmsy10.pfb></opt/local/share/texmf-texlive/fonts/type1/public/amsfonts/c
m/cmsy8.pfb></opt/local/share/texmf-texlive/fonts/type1/public/amsfonts/cm/cmti
10.pfb></opt/local/share/texmf-texlive/fonts/type1/public/amsfonts/cm/cmtt10.pf
b></opt/local/share/texmf-texlive/fonts/type1/public/amsfonts/cm/cmtt9.pfb>
Output written on MNPEintro.pdf (29 pages, 1998951 bytes).
PDF statistics:
 666 PDF objects out of 1000 (max. 8388607)
 574 compressed objects within 6 object streams
 216 named destinations out of 1000 (max. 500000)
 249 words of extra memory for PDF output out of 10000 (max. 10000000)

